0 info it worked if it ends with ok
1 verbose cli [ '/usr/bin/nodejs', '/usr/bin/npm', 'install', '-g', 'n' ]
2 info using npm@2.15.11
3 info using node@v4.7.3
4 verbose install initial load of /usr/lib/package.json
5 verbose readDependencies loading dependencies from /usr/lib/package.json
6 silly cache add args [ 'n', null ]
7 verbose cache add spec n
8 silly cache add parsed spec Result {
8 silly cache add   raw: 'n',
8 silly cache add   scope: null,
8 silly cache add   name: 'n',
8 silly cache add   rawSpec: '',
8 silly cache add   spec: 'latest',
8 silly cache add   type: 'tag' }
9 silly addNamed n@latest
10 verbose addNamed "latest" is being treated as a dist-tag for n
11 info addNameTag [ 'n', 'latest' ]
12 silly mapToRegistry name n
13 silly mapToRegistry using default registry
14 silly mapToRegistry registry https://registry.npmjs.org/
15 silly mapToRegistry data Result {
15 silly mapToRegistry   raw: 'n',
15 silly mapToRegistry   scope: null,
15 silly mapToRegistry   name: 'n',
15 silly mapToRegistry   rawSpec: '',
15 silly mapToRegistry   spec: 'latest',
15 silly mapToRegistry   type: 'tag' }
16 silly mapToRegistry uri https://registry.npmjs.org/n
17 verbose addNameTag registry:https://registry.npmjs.org/n not in flight; fetching
18 verbose request uri https://registry.npmjs.org/n
19 verbose request no auth needed
20 info attempt registry request try #1 at 9:28:05 PM
21 verbose request id 861d314b169bb755
22 http request GET https://registry.npmjs.org/n
23 http 200 https://registry.npmjs.org/n
24 verbose headers { server: 'nginx/1.10.1',
24 verbose headers   'content-type': 'application/json',
24 verbose headers   'last-modified': 'Mon, 14 Aug 2017 22:25:16 GMT',
24 verbose headers   etag: 'W/"5992234c-116ad"',
24 verbose headers   'content-encoding': 'gzip',
24 verbose headers   'cache-control': 'max-age=300',
24 verbose headers   'content-length': '11781',
24 verbose headers   'accept-ranges': 'bytes',
24 verbose headers   date: 'Mon, 11 Sep 2017 14:28:05 GMT',
24 verbose headers   via: '1.1 varnish',
24 verbose headers   age: '139',
24 verbose headers   connection: 'keep-alive',
24 verbose headers   'x-served-by': 'cache-nrt6132-NRT',
24 verbose headers   'x-cache': 'HIT',
24 verbose headers   'x-cache-hits': '1',
24 verbose headers   'x-timer': 'S1505140086.873874,VS0,VE1',
24 verbose headers   vary: 'Accept-Encoding, Accept' }
25 silly get cb [ 200,
25 silly get   { server: 'nginx/1.10.1',
25 silly get     'content-type': 'application/json',
25 silly get     'last-modified': 'Mon, 14 Aug 2017 22:25:16 GMT',
25 silly get     etag: 'W/"5992234c-116ad"',
25 silly get     'content-encoding': 'gzip',
25 silly get     'cache-control': 'max-age=300',
25 silly get     'content-length': '11781',
25 silly get     'accept-ranges': 'bytes',
25 silly get     date: 'Mon, 11 Sep 2017 14:28:05 GMT',
25 silly get     via: '1.1 varnish',
25 silly get     age: '139',
25 silly get     connection: 'keep-alive',
25 silly get     'x-served-by': 'cache-nrt6132-NRT',
25 silly get     'x-cache': 'HIT',
25 silly get     'x-cache-hits': '1',
25 silly get     'x-timer': 'S1505140086.873874,VS0,VE1',
25 silly get     vary: 'Accept-Encoding, Accept' } ]
26 verbose get saving n to /home/duongtv/.npm/registry.npmjs.org/n/.cache.json
27 verbose correctMkdir /home/duongtv/.npm correctMkdir not in flight; initializing
28 silly addNameTag next cb for n with tag latest
29 silly addNamed n@2.1.8
30 verbose addNamed "2.1.8" is a plain semver version for n
31 silly mapToRegistry name n
32 silly mapToRegistry using default registry
33 silly mapToRegistry registry https://registry.npmjs.org/
34 silly mapToRegistry data Result {
34 silly mapToRegistry   raw: 'n',
34 silly mapToRegistry   scope: null,
34 silly mapToRegistry   name: 'n',
34 silly mapToRegistry   rawSpec: '',
34 silly mapToRegistry   spec: 'latest',
34 silly mapToRegistry   type: 'tag' }
35 silly mapToRegistry uri https://registry.npmjs.org/n
36 verbose addRemoteTarball https://registry.npmjs.org/n/-/n-2.1.8.tgz not in flight; adding
37 verbose addRemoteTarball [ 'https://registry.npmjs.org/n/-/n-2.1.8.tgz',
37 verbose addRemoteTarball   '9b770f6ae0a93c49c64fb614625a63cc5a22d1fd' ]
38 info retry fetch attempt 1 at 9:28:05 PM
39 info attempt registry request try #1 at 9:28:05 PM
40 http fetch GET https://registry.npmjs.org/n/-/n-2.1.8.tgz
41 http fetch 200 https://registry.npmjs.org/n/-/n-2.1.8.tgz
42 silly fetchAndShaCheck shasum 9b770f6ae0a93c49c64fb614625a63cc5a22d1fd
43 verbose addTmpTarball /tmp/npm-7525-9964f26b/registry.npmjs.org/n/-/n-2.1.8.tgz not in flight; adding
44 verbose addTmpTarball already have metadata; skipping unpack for n@2.1.8
45 verbose correctMkdir /home/duongtv/.npm correctMkdir not in flight; initializing
46 silly cache afterAdd n@2.1.8
47 verbose afterAdd /home/duongtv/.npm/n/2.1.8/package/package.json not in flight; writing
48 verbose correctMkdir /home/duongtv/.npm correctMkdir not in flight; initializing
49 verbose afterAdd /home/duongtv/.npm/n/2.1.8/package/package.json written
50 silly install resolved [ { name: 'n',
50 silly install resolved     description: 'Interactively Manage All Your Node Versions',
50 silly install resolved     version: '2.1.8',
50 silly install resolved     author: { name: 'TJ Holowaychuk', email: 'tj@vision-media.ca' },
50 silly install resolved     homepage: 'https://github.com/tj/n',
50 silly install resolved     bugs: { url: 'https://github.com/tj/n/issues' },
50 silly install resolved     contributors: [ [Object], [Object], [Object] ],
50 silly install resolved     keywords:
50 silly install resolved      [ 'nvm',
50 silly install resolved        'node',
50 silly install resolved        'version',
50 silly install resolved        'manager',
50 silly install resolved        'switcher',
50 silly install resolved        'node',
50 silly install resolved        'binary',
50 silly install resolved        'env' ],
50 silly install resolved     bin: { n: './bin/n' },
50 silly install resolved     repository: { type: 'git', url: 'git://github.com/tj/n.git' },
50 silly install resolved     preferGlobal: true,
50 silly install resolved     os: [ '!win32' ],
50 silly install resolved     engines: { node: '*' },
50 silly install resolved     license: 'MIT',
50 silly install resolved     gitHead: '14ab6ff01f3b673e2e29f465a00e0b29643bb8d9',
50 silly install resolved     _id: 'n@2.1.8',
50 silly install resolved     _npmVersion: '5.0.3',
50 silly install resolved     _nodeVersion: '8.1.2',
50 silly install resolved     _npmUser: { name: 'troy0820', email: 'troy0820@gmail.com' },
50 silly install resolved     dist:
50 silly install resolved      { integrity: 'sha512-VN3To6jBHSdTHmv+fT00V1nBdj3MWdcOlEKBEaUtXKRqQhuN289B9Jym9P/L3rXfafAsapmh4Fcr/DUR8DGJVg==',
50 silly install resolved        shasum: '9b770f6ae0a93c49c64fb614625a63cc5a22d1fd',
50 silly install resolved        tarball: 'https://registry.npmjs.org/n/-/n-2.1.8.tgz' },
50 silly install resolved     maintainers: [ [Object], [Object], [Object], [Object], [Object], [Object] ],
50 silly install resolved     _npmOperationalInternal:
50 silly install resolved      { host: 's3://npm-registry-packages',
50 silly install resolved        tmp: 'tmp/n-2.1.8.tgz_1498880450388_0.9696143395267427' },
50 silly install resolved     directories: {},
50 silly install resolved     _shasum: '9b770f6ae0a93c49c64fb614625a63cc5a22d1fd',
50 silly install resolved     _resolved: 'https://registry.npmjs.org/n/-/n-2.1.8.tgz',
50 silly install resolved     _from: 'n@latest' } ]
51 info install n@2.1.8 into /usr/lib
52 info installOne n@2.1.8
53 verbose installOne of n to /usr/lib not in flight; installing
54 verbose correctMkdir /home/duongtv/.npm/_locks correctMkdir not in flight; initializing
55 verbose lock using /home/duongtv/.npm/_locks/n-9cc25964fae57d67.lock for /usr/lib/node_modules/n
56 silly install write writing n 2.1.8 to /usr/lib/node_modules/n
57 verbose unbuild lib/node_modules/n
58 silly gentlyRm /usr/lib/node_modules/n is being purged from base /usr
59 verbose gentlyRm don't care about contents; nuking /usr/lib/node_modules/n
60 verbose tar unpack /home/duongtv/.npm/n/2.1.8/package.tgz
61 verbose tar unpacking to /usr/lib/node_modules/n
62 silly gentlyRm /usr/lib/node_modules/n is being purged
63 verbose gentlyRm don't care about contents; nuking /usr/lib/node_modules/n
64 silly gunzTarPerm modes [ '775', '664' ]
65 error tar.unpack untar error /home/duongtv/.npm/n/2.1.8/package.tgz
66 verbose unlock done using /home/duongtv/.npm/_locks/n-9cc25964fae57d67.lock for /usr/lib/node_modules/n
67 verbose fstream_path /usr/lib/node_modules/n
68 verbose fstream_type Directory
69 verbose fstream_class DirWriter
70 verbose stack Error: EACCES: permission denied, mkdir '/usr/lib/node_modules/n'
70 verbose stack     at Error (native)
71 verbose fstream_stack /usr/lib/node_modules/npm/node_modules/fstream/lib/dir-writer.js:35:25
71 verbose fstream_stack /usr/lib/node_modules/npm/node_modules/mkdirp/index.js:47:53
71 verbose fstream_stack FSReqWrap.oncomplete (fs.js:82:15)
72 verbose cwd /home/duongtv/work/topica/vn/gaia
73 error Linux 4.4.0-93-generic
74 error argv "/usr/bin/nodejs" "/usr/bin/npm" "install" "-g" "n"
75 error node v4.7.3
76 error npm  v2.15.11
77 error path /usr/lib/node_modules/n
78 error code EACCES
79 error errno -13
80 error syscall mkdir
81 error Error: EACCES: permission denied, mkdir '/usr/lib/node_modules/n'
81 error     at Error (native)
81 error  { [Error: EACCES: permission denied, mkdir '/usr/lib/node_modules/n']
81 error   errno: -13,
81 error   code: 'EACCES',
81 error   syscall: 'mkdir',
81 error   path: '/usr/lib/node_modules/n',
81 error   fstream_type: 'Directory',
81 error   fstream_path: '/usr/lib/node_modules/n',
81 error   fstream_class: 'DirWriter',
81 error   fstream_stack:
81 error    [ '/usr/lib/node_modules/npm/node_modules/fstream/lib/dir-writer.js:35:25',
81 error      '/usr/lib/node_modules/npm/node_modules/mkdirp/index.js:47:53',
81 error      'FSReqWrap.oncomplete (fs.js:82:15)' ] }
82 error Please try running this command again as root/Administrator.
83 verbose exit [ -13, true ]
84 verbose unbuild lib/node_modules/n
85 silly gentlyRm /usr/lib/node_modules/n is being purged from base /usr
86 verbose gentlyRm don't care about contents; nuking /usr/lib/node_modules/n
